2020-04-21T21:43:02+00:00 CRITICAL syntax error, unexpected '}', expecting end of file в G:\OSPanel\domains\wordpress.ru\wp-content\themes\envo-ecommerce\functions.php на строке 585

2020-04-21T21:43:13+00:00 CRITICAL Uncaught Error: Call to undefined function envo_ecommerce_cart_link() in G:\OSPanel\domains\wordpress.ru\wp-content\themes\envo-ecommerce\functions.php:532
Stack trace:
#0 G:\OSPanel\domains\wordpress.ru\wp-content\themes\envo-ecommerce\template-parts\template-part-topnav.php(65): envo_ecommerce_header_cart()
#1 G:\OSPanel\domains\wordpress.ru\wp-includes\template.php(725): require('G:\\OSPanel\\doma...')
#2 G:\OSPanel\domains\wordpress.ru\wp-includes\template.php(672): load_template('G:\\OSPanel\\doma...', false)
#3 G:\OSPanel\domains\wordpress.ru\wp-includes\general-template.php(168): locate_template(Array, true, false)
#4 G:\OSPanel\domains\wordpress.ru\wp-content\themes\envo-ecommerce\header.php(12): get_template_part('template-parts/...', 'topnav')
#5 G:\OSPanel\domains\wordpress.ru\wp-includes\template.php(723): require_once('G:\\OSPanel\\doma...')
#6 G:\OSPanel\domains\wordpress.ru\wp-includes\template.php(672): load_template('G:\\OSPanel\\doma...', true)
#7 G:\OSPanel\domains\wordpress.ru\wp-includes\ в G:\OSPanel\domains\wordpress.ru\wp-content\themes\envo-ecommerce\functions.php на строке 532

2020-04-21T22:36:44+00:00 CRITICAL Uncaught Error: Call to undefined function envo_ecommerce_my_account() in G:\OSPanel\domains\wordpress.ru\wp-content\themes\envo-ecommerce\template-parts\template-part-topnav.php:66
Stack trace:
#0 G:\OSPanel\domains\wordpress.ru\wp-includes\template.php(725): require()
#1 G:\OSPanel\domains\wordpress.ru\wp-includes\template.php(672): load_template('G:\\OSPanel\\doma...', false)
#2 G:\OSPanel\domains\wordpress.ru\wp-includes\general-template.php(168): locate_template(Array, true, false)
#3 G:\OSPanel\domains\wordpress.ru\wp-content\themes\envo-ecommerce\header.php(12): get_template_part('template-parts/...', 'topnav')
#4 G:\OSPanel\domains\wordpress.ru\wp-includes\template.php(723): require_once('G:\\OSPanel\\doma...')
#5 G:\OSPanel\domains\wordpress.ru\wp-includes\template.php(672): load_template('G:\\OSPanel\\doma...', true)
#6 G:\OSPanel\domains\wordpress.ru\wp-includes\general-template.php(41): locate_template(Array, true)
#7 G:\OSPanel\domains\wordpress.ru\wp-content\themes\envo-ecommerce\woocommerce.php в G:\OSPanel\domains\wordpress.ru\wp-content\themes\envo-ecommerce\template-parts\template-part-topnav.php на строке 66

2020-04-21T22:37:06+00:00 CRITICAL Uncaught Error: Call to undefined function envo_ecommerce_my_account() in G:\OSPanel\domains\wordpress.ru\wp-content\themes\envo-ecommerce\template-parts\template-part-topnav.php:66
Stack trace:
#0 G:\OSPanel\domains\wordpress.ru\wp-includes\template.php(725): require()
#1 G:\OSPanel\domains\wordpress.ru\wp-includes\template.php(672): load_template('G:\\OSPanel\\doma...', false)
#2 G:\OSPanel\domains\wordpress.ru\wp-includes\general-template.php(168): locate_template(Array, true, false)
#3 G:\OSPanel\domains\wordpress.ru\wp-content\themes\envo-ecommerce\header.php(12): get_template_part('template-parts/...', 'topnav')
#4 G:\OSPanel\domains\wordpress.ru\wp-includes\template.php(723): require_once('G:\\OSPanel\\doma...')
#5 G:\OSPanel\domains\wordpress.ru\wp-includes\template.php(672): load_template('G:\\OSPanel\\doma...', true)
#6 G:\OSPanel\domains\wordpress.ru\wp-includes\general-template.php(41): locate_template(Array, true)
#7 G:\OSPanel\domains\wordpress.ru\wp-content\themes\envo-ecommerce\woocommerce.php в G:\OSPanel\domains\wordpress.ru\wp-content\themes\envo-ecommerce\template-parts\template-part-topnav.php на строке 66

